INFO:root:For Router: A Injected at clock cycle: 10 Flit received: 0000000000000000000000000000010000
INFO:root:For Router: A Injected at clock cycle: 11 Flit received: 0011001111100101000110110100010001
INFO:root:For Router: A Injected at clock cycle: 12 Flit received: 0001110011100000000011010000001101
INFO:root:For Router: A Injected at clock cycle: 13 Flit received: 0110111111001100111011101010101101
INFO:root:For Router: A Injected at clock cycle: 14 Flit received: 0000000000000000000000000000000010
INFO:root:Router: B Received from router A at clock cycle: 15 Flit received: 0000000000000000000000000000010000
INFO:root:Router: B Received from router A at clock cycle: 16 Flit received: 0011001111100101000110110100010001
INFO:root:Router: B Received from router A at clock cycle: 17 Flit received: 0001110011100000000011010000001101
INFO:root:Router: B Received from router A at clock cycle: 18 Flit received: 0110111111001100111011101010101101
INFO:root:Router: B Received from router A at clock cycle: 19 Flit received: 0000000000000000000000000000000010
INFO:root:For Router: A Injected at clock cycle: 25 Flit received: 0000000000000000000000000000110000
INFO:root:For Router: A Injected at clock cycle: 26 Flit received: 0000000001101001010100101010001001
INFO:root:For Router: A Injected at clock cycle: 27 Flit received: 0101101000111001101000011000111101
INFO:root:For Router: A Injected at clock cycle: 28 Flit received: 0100010011011101110001110100010001
INFO:root:For Router: A Injected at clock cycle: 29 Flit received: 0000000000000000000000000000000010
INFO:root:Router: D Received from router A at clock cycle: 30 Flit received: 0000000000000000000000000000110000
INFO:root:Router: D Received from router A at clock cycle: 31 Flit received: 0000000001101001010100101010001001
INFO:root:Router: D Received from router A at clock cycle: 32 Flit received: 0101101000111001101000011000111101
INFO:root:Router: D Received from router A at clock cycle: 33 Flit received: 0100010011011101110001110100010001
INFO:root:Router: D Received from router A at clock cycle: 34 Flit received: 0000000000000000000000000000000010
INFO:root:Router: C Received from router D at clock cycle: 35 Flit received: 0000000000000000000000000000110000
INFO:root:Router: C Received from router D at clock cycle: 36 Flit received: 0000000001101001010100101010001001
INFO:root:Router: C Received from router D at clock cycle: 37 Flit received: 0101101000111001101000011000111101
INFO:root:Router: C Received from router D at clock cycle: 38 Flit received: 0100010011011101110001110100010001
INFO:root:Router: C Received from router D at clock cycle: 39 Flit received: 0000000000000000000000000000000010
INFO:root:For Router: A Injected at clock cycle: 50 Flit received: 0000000000000000000000000000100000
INFO:root:For Router: A Injected at clock cycle: 51 Flit received: 1011100000001001010110110001001101
INFO:root:For Router: A Injected at clock cycle: 52 Flit received: 0100000100011000101111111001011001
INFO:root:For Router: A Injected at clock cycle: 53 Flit received: 0111001110101000101110011001000101
INFO:root:For Router: A Injected at clock cycle: 54 Flit received: 0000000000000000000000000000000010
INFO:root:Router: D Received from router A at clock cycle: 55 Flit received: 0000000000000000000000000000100000
INFO:root:Router: D Received from router A at clock cycle: 56 Flit received: 1011100000001001010110110001001101
INFO:root:Router: D Received from router A at clock cycle: 57 Flit received: 0100000100011000101111111001011001
INFO:root:Router: D Received from router A at clock cycle: 58 Flit received: 0111001110101000101110011001000101
INFO:root:Router: D Received from router A at clock cycle: 59 Flit received: 0000000000000000000000000000000010
INFO:root:For Router: B Injected at clock cycle: 70 Flit received: 0000000000000000000000000000000100
INFO:root:For Router: B Injected at clock cycle: 71 Flit received: 1000101111110000110110001111101101
INFO:root:For Router: B Injected at clock cycle: 72 Flit received: 1010010110010001001110111100100101
INFO:root:For Router: B Injected at clock cycle: 73 Flit received: 0101001100100011000000010101001001
INFO:root:For Router: B Injected at clock cycle: 74 Flit received: 0000000000000000000000000000000010
INFO:root:Router: A Received from router B at clock cycle: 75 Flit received: 0000000000000000000000000000000100
INFO:root:Router: A Received from router B at clock cycle: 76 Flit received: 1000101111110000110110001111101101
INFO:root:Router: A Received from router B at clock cycle: 77 Flit received: 1010010110010001001110111100100101
INFO:root:Router: A Received from router B at clock cycle: 78 Flit received: 0101001100100011000000010101001001
INFO:root:Router: A Received from router B at clock cycle: 79 Flit received: 0000000000000000000000000000000010
INFO:root:For Router: B Injected at clock cycle: 100 Flit received: 0000000000000000000000000000110100
INFO:root:For Router: B Injected at clock cycle: 101 Flit received: 0111011110100000011011001011000001
INFO:root:For Router: B Injected at clock cycle: 102 Flit received: 0101001100110110000110010100111001
INFO:root:For Router: B Injected at clock cycle: 103 Flit received: 1001011101100001000101000111111101
INFO:root:For Router: B Injected at clock cycle: 104 Flit received: 0000000000000000000000000000000010
INFO:root:Router: C Received from router B at clock cycle: 105 Flit received: 0000000000000000000000000000110100
INFO:root:Router: C Received from router B at clock cycle: 106 Flit received: 0111011110100000011011001011000001
INFO:root:Router: C Received from router B at clock cycle: 107 Flit received: 0101001100110110000110010100111001
INFO:root:Router: C Received from router B at clock cycle: 108 Flit received: 1001011101100001000101000111111101
INFO:root:Router: C Received from router B at clock cycle: 109 Flit received: 0000000000000000000000000000000010
INFO:root:For Router: B Injected at clock cycle: 120 Flit received: 0000000000000000000000000000100100
INFO:root:For Router: B Injected at clock cycle: 121 Flit received: 0001101101001001000001001001100001
INFO:root:For Router: B Injected at clock cycle: 122 Flit received: 0101001001101001000000010111011001
INFO:root:For Router: B Injected at clock cycle: 123 Flit received: 0001111100001110011001000100001101
INFO:root:For Router: B Injected at clock cycle: 124 Flit received: 0000000000000000000000000000000010
INFO:root:Router: C Received from router B at clock cycle: 125 Flit received: 0000000000000000000000000000100100
INFO:root:Router: C Received from router B at clock cycle: 126 Flit received: 0001101101001001000001001001100001
INFO:root:Router: C Received from router B at clock cycle: 127 Flit received: 0101001001101001000000010111011001
INFO:root:Router: C Received from router B at clock cycle: 128 Flit received: 0001111100001110011001000100001101
INFO:root:Router: C Received from router B at clock cycle: 129 Flit received: 0000000000000000000000000000000010
INFO:root:Router: D Received from router C at clock cycle: 130 Flit received: 0000000000000000000000000000100100
INFO:root:Router: D Received from router C at clock cycle: 131 Flit received: 0001101101001001000001001001100001
INFO:root:Router: D Received from router C at clock cycle: 132 Flit received: 0101001001101001000000010111011001
INFO:root:Router: D Received from router C at clock cycle: 133 Flit received: 0001111100001110011001000100001101
INFO:root:Router: D Received from router C at clock cycle: 134 Flit received: 0000000000000000000000000000000010
INFO:root:For Router: C Injected at clock cycle: 150 Flit received: 0000000000000000000000000000001100
INFO:root:For Router: C Injected at clock cycle: 151 Flit received: 0101001101001001000100001110011101
INFO:root:For Router: C Injected at clock cycle: 152 Flit received: 1110101011011010011001011000011001
INFO:root:For Router: C Injected at clock cycle: 153 Flit received: 0111000111010100000001110101111101
INFO:root:For Router: C Injected at clock cycle: 154 Flit received: 0000000000000000000000000000000010
INFO:root:Router: B Received from router C at clock cycle: 155 Flit received: 0000000000000000000000000000001100
INFO:root:Router: B Received from router C at clock cycle: 156 Flit received: 0101001101001001000100001110011101
INFO:root:Router: B Received from router C at clock cycle: 157 Flit received: 1110101011011010011001011000011001
INFO:root:Router: B Received from router C at clock cycle: 158 Flit received: 0111000111010100000001110101111101
INFO:root:Router: B Received from router C at clock cycle: 159 Flit received: 0000000000000000000000000000000010
INFO:root:Router: A Received from router B at clock cycle: 161 Flit received: 0000000000000000000000000000001100
INFO:root:Router: A Received from router B at clock cycle: 162 Flit received: 0101001101001001000100001110011101
INFO:root:Router: A Received from router B at clock cycle: 163 Flit received: 1110101011011010011001011000011001
INFO:root:Router: A Received from router B at clock cycle: 164 Flit received: 0111000111010100000001110101111101
INFO:root:Router: A Received from router B at clock cycle: 165 Flit received: 0000000000000000000000000000000010
INFO:root:For Router: C Injected at clock cycle: 170 Flit received: 0000000000000000000000000000011100
INFO:root:For Router: C Injected at clock cycle: 171 Flit received: 0110110100100100110110001000110101
INFO:root:For Router: C Injected at clock cycle: 172 Flit received: 0111001101110100001101010000011101
INFO:root:For Router: C Injected at clock cycle: 173 Flit received: 1010000110000001110111000110100101
INFO:root:For Router: C Injected at clock cycle: 174 Flit received: 0000000000000000000000000000000010
INFO:root:Router: B Received from router C at clock cycle: 175 Flit received: 0000000000000000000000000000011100
INFO:root:Router: B Received from router C at clock cycle: 176 Flit received: 0110110100100100110110001000110101
INFO:root:Router: B Received from router C at clock cycle: 177 Flit received: 0111001101110100001101010000011101
INFO:root:Router: B Received from router C at clock cycle: 178 Flit received: 1010000110000001110111000110100101
INFO:root:Router: B Received from router C at clock cycle: 179 Flit received: 0000000000000000000000000000000010
INFO:root:For Router: C Injected at clock cycle: 200 Flit received: 0000000000000000000000000000101100
INFO:root:For Router: C Injected at clock cycle: 201 Flit received: 0110000101010010001000010111101001
INFO:root:For Router: C Injected at clock cycle: 202 Flit received: 0101000101100100110100000101101001
INFO:root:For Router: C Injected at clock cycle: 203 Flit received: 1000110100101100100110011111111101
INFO:root:For Router: C Injected at clock cycle: 204 Flit received: 0000000000000000000000000000000010
INFO:root:Router: D Received from router C at clock cycle: 205 Flit received: 0000000000000000000000000000101100
INFO:root:Router: D Received from router C at clock cycle: 206 Flit received: 0110000101010010001000010111101001
INFO:root:Router: D Received from router C at clock cycle: 207 Flit received: 0101000101100100110100000101101001
INFO:root:Router: D Received from router C at clock cycle: 208 Flit received: 1000110100101100100110011111111101
INFO:root:Router: D Received from router C at clock cycle: 209 Flit received: 0000000000000000000000000000000010
INFO:root:For Router: D Injected at clock cycle: 250 Flit received: 0000000000000000000000000000001000
INFO:root:For Router: D Injected at clock cycle: 251 Flit received: 1111111101011011111100011011111101
INFO:root:For Router: D Injected at clock cycle: 252 Flit received: 0011010011001011001000011011100001
INFO:root:For Router: D Injected at clock cycle: 253 Flit received: 1111101011001010001001111101001001
INFO:root:For Router: D Injected at clock cycle: 254 Flit received: 0000000000000000000000000000000010
INFO:root:Router: A Received from router D at clock cycle: 255 Flit received: 0000000000000000000000000000001000
INFO:root:Router: A Received from router D at clock cycle: 256 Flit received: 1111111101011011111100011011111101
INFO:root:Router: A Received from router D at clock cycle: 257 Flit received: 0011010011001011001000011011100001
INFO:root:Router: A Received from router D at clock cycle: 258 Flit received: 1111101011001010001001111101001001
INFO:root:Router: A Received from router D at clock cycle: 259 Flit received: 0000000000000000000000000000000010
INFO:root:For Router: D Injected at clock cycle: 300 Flit received: 0000000000000000000000000000011000
INFO:root:For Router: D Injected at clock cycle: 301 Flit received: 1100000100010111111000101011101101
INFO:root:For Router: D Injected at clock cycle: 302 Flit received: 1011010010110010001100100010001101
INFO:root:For Router: D Injected at clock cycle: 303 Flit received: 0010011100100101111110111011011101
INFO:root:For Router: D Injected at clock cycle: 304 Flit received: 0000000000000000000000000000000010
INFO:root:Router: A Received from router D at clock cycle: 305 Flit received: 0000000000000000000000000000011000
INFO:root:Router: A Received from router D at clock cycle: 306 Flit received: 1100000100010111111000101011101101
INFO:root:Router: A Received from router D at clock cycle: 307 Flit received: 1011010010110010001100100010001101
INFO:root:Router: A Received from router D at clock cycle: 308 Flit received: 0010011100100101111110111011011101
INFO:root:Router: A Received from router D at clock cycle: 309 Flit received: 0000000000000000000000000000000010
INFO:root:Router: B Received from router A at clock cycle: 311 Flit received: 0000000000000000000000000000011000
INFO:root:Router: B Received from router A at clock cycle: 312 Flit received: 1100000100010111111000101011101101
INFO:root:Router: B Received from router A at clock cycle: 313 Flit received: 1011010010110010001100100010001101
INFO:root:Router: B Received from router A at clock cycle: 314 Flit received: 0010011100100101111110111011011101
INFO:root:Router: B Received from router A at clock cycle: 315 Flit received: 0000000000000000000000000000000010
INFO:root:For Router: D Injected at clock cycle: 340 Flit received: 0000000000000000000000000000111000
INFO:root:For Router: D Injected at clock cycle: 341 Flit received: 0111000101000011001001001010100101
INFO:root:For Router: D Injected at clock cycle: 342 Flit received: 1011111110011001011010001111111101
INFO:root:For Router: D Injected at clock cycle: 343 Flit received: 0001111000001011100100100100101001
INFO:root:For Router: D Injected at clock cycle: 344 Flit received: 0000000000000000000000000000000010
INFO:root:Router: C Received from router D at clock cycle: 345 Flit received: 0000000000000000000000000000111000
INFO:root:Router: C Received from router D at clock cycle: 346 Flit received: 0111000101000011001001001010100101
INFO:root:Router: C Received from router D at clock cycle: 347 Flit received: 1011111110011001011010001111111101
INFO:root:Router: C Received from router D at clock cycle: 348 Flit received: 0001111000001011100100100100101001
INFO:root:Router: C Received from router D at clock cycle: 349 Flit received: 0000000000000000000000000000000010
